f:\monte-carlo-ray-tracing-master\mcrt.dir\debug\vc141.pdb
f:\monte-carlo-ray-tracing-master\mcrt.dir\debug\main.obj
f:\monte-carlo-ray-tracing-master\mcrt.dir\debug\walls.obj
f:\monte-carlo-ray-tracing-master\mcrt.dir\debug\sphere.obj
f:\monte-carlo-ray-tracing-master\mcrt.dir\debug\shape.obj
f:\monte-carlo-ray-tracing-master\mcrt.dir\debug\scene.obj
f:\monte-carlo-ray-tracing-master\mcrt.dir\debug\ray.obj
f:\monte-carlo-ray-tracing-master\mcrt.dir\debug\plane.obj
f:\monte-carlo-ray-tracing-master\mcrt.dir\debug\image.obj
f:\monte-carlo-ray-tracing-master\mcrt.dir\debug\camera.obj
f:\monte-carlo-ray-tracing-master\mcrt.dir\debug\algorithms.obj
f:\monte-carlo-ray-tracing-master\cmakefiles\generate.stamp
f:\monte-carlo-ray-tracing-master\debug\mcrt.ilk
f:\monte-carlo-ray-tracing-master\debug\mcrt.exe
f:\monte-carlo-ray-tracing-master\debug\mcrt.pdb
f:\monte-carlo-ray-tracing-master\mcrt.dir\debug\mcrt.tlog\cl.command.1.tlog
f:\monte-carlo-ray-tracing-master\mcrt.dir\debug\mcrt.tlog\cl.read.1.tlog
f:\monte-carlo-ray-tracing-master\mcrt.dir\debug\mcrt.tlog\cl.write.1.tlog
f:\monte-carlo-ray-tracing-master\mcrt.dir\debug\mcrt.tlog\custombuild.command.1.tlog
f:\monte-carlo-ray-tracing-master\mcrt.dir\debug\mcrt.tlog\custombuild.read.1.tlog
f:\monte-carlo-ray-tracing-master\mcrt.dir\debug\mcrt.tlog\custombuild.write.1.tlog
f:\monte-carlo-ray-tracing-master\mcrt.dir\debug\mcrt.tlog\link.command.1.tlog
f:\monte-carlo-ray-tracing-master\mcrt.dir\debug\mcrt.tlog\link.read.1.tlog
f:\monte-carlo-ray-tracing-master\mcrt.dir\debug\mcrt.tlog\link.write.1.tlog
